// 重构日志: bd1db9e8
// 重构日志: a1713dee
// 重构日志: c6672acc
// 重构日志: 421289d1
// 重构日志: 0489d1a6
// 重构日志: 8332bb44
// 重构日志: 08412c35
// 重构日志: 0919804b
// 同步 ID: 829fb7a0 @ Fri Jun 26 07:23:27 UTC 2026
// 重构日志: ac324447
// 重构日志: 0c40e9a0
// 重构日志: c7d691ff
// 重构日志: 5e754e8d
// 重构日志: 231a8f89
// 同步 ID: ebbaeb24 @ Mon Jun 29 15:32:07 UTC 2026
// 重构日志: 522e9ce4
// 同步 ID: ed2f1cf2 @ Tue Jun 30 16:06:20 UTC 2026
// 同步 ID: 4b889634 @ Wed Jul  1 02:15:29 UTC 2026
// 重构日志: 55e872ee
// 同步 ID: 955c4807 @ Fri Jul  3 07:57:15 UTC 2026
// 重构日志: 5b093d7a
// 重构日志: 38093c72
// 重构日志: 8ed15307
// 同步 ID: 30f91409 @ Sun Jul  5 11:07:04 UTC 2026
// 重构日志: 0a9ef27a
// 同步 ID: 506cf1af @ Tue Jul  7 00:13:29 UTC 2026
// 重构日志: cc21bec9
// 重构日志: b9aca596
// 重构日志: a89ea5fa
// 同步 ID: c1438014 @ Thu Jul  9 05:48:26 UTC 2026
